<?xml version="1.0" encoding="UTF-8"?>
<testng-results skipped="0" failed="3" ignored="0" total="13" passed="10">
  <reporter-output>
  </reporter-output>
  <suite name="Default suite" duration-ms="5475" started-at="2017-09-18T14:27:20Z" finished-at="2017-09-18T14:27:26Z">
    <groups>
    </groups>
    <test name="Default test" duration-ms="5475" started-at="2017-09-18T14:27:20Z" finished-at="2017-09-18T14:27:26Z">
      <class name="com.hybridFramework.homepage.DBTest">
        <test-method status="FAIL" signature="insertDBdata()[pri:0, instance:com.hybridFramework.homepage.DBTest@18a70f16]" name="insertDBdata" duration-ms="2212" started-at="2017-09-18T19:57:20Z" finished-at="2017-09-18T19:57:22Z">
          <exception class="java.lang.NullPointerException">
            <full-stacktrace>
              <![CDATA[java.lang.NullPointerException
	at com.hybridFramework.database.DataBase.insertData(DataBase.java:32)
	at com.hybridFramework.homepage.DBTest.insertDBdata(DBTest.java:39)
	at sun.reflect.NativeMethodAccessorImpl.invoke0(Native Method)
	at sun.reflect.NativeMethodAccessorImpl.invoke(NativeMethodAccessorImpl.java:62)
	at sun.reflect.DelegatingMethodAccessorImpl.invoke(DelegatingMethodAccessorImpl.java:43)
	at java.lang.reflect.Method.invoke(Method.java:498)
	at org.testng.internal.MethodInvocationHelper.invokeMethod(MethodInvocationHelper.java:104)
	at org.testng.internal.Invoker.invokeMethod(Invoker.java:645)
	at org.testng.internal.Invoker.invokeTestMethod(Invoker.java:851)
	at org.testng.internal.Invoker.invokeTestMethods(Invoker.java:1177)
	at org.testng.internal.TestMethodWorker.invokeTestMethods(TestMethodWorker.java:129)
	at org.testng.internal.TestMethodWorker.run(TestMethodWorker.java:112)
	at org.testng.TestRunner.privateRun(TestRunner.java:756)
	at org.testng.TestRunner.run(TestRunner.java:610)
	at org.testng.SuiteRunner.runTest(SuiteRunner.java:387)
	at org.testng.SuiteRunner.runSequentially(SuiteRunner.java:382)
	at org.testng.SuiteRunner.privateRun(SuiteRunner.java:340)
	at org.testng.SuiteRunner.run(SuiteRunner.java:289)
	at org.testng.SuiteRunnerWorker.runSuite(SuiteRunnerWorker.java:52)
	at org.testng.SuiteRunnerWorker.run(SuiteRunnerWorker.java:86)
	at org.testng.TestNG.runSuitesSequentially(TestNG.java:1293)
	at org.testng.TestNG.runSuitesLocally(TestNG.java:1218)
	at org.testng.TestNG.runSuites(TestNG.java:1133)
	at org.testng.TestNG.run(TestNG.java:1104)
	at org.testng.remote.AbstractRemoteTestNG.run(AbstractRemoteTestNG.java:132)
	at org.testng.remote.RemoteTestNG.initAndRun(RemoteTestNG.java:230)
	at org.testng.remote.RemoteTestNG.main(RemoteTestNG.java:76)
]]>
            </full-stacktrace>
          </exception> <!-- java.lang.NullPointerException -->
          <reporter-output>
          </reporter-output>
        </test-method> <!-- insertDBdata -->
        <test-method status="FAIL" signature="selectDBdata()[pri:0, instance:com.hybridFramework.homepage.DBTest@18a70f16]" name="selectDBdata" duration-ms="15" started-at="2017-09-18T19:57:22Z" finished-at="2017-09-18T19:57:22Z">
          <exception class="java.lang.NullPointerException">
            <full-stacktrace>
              <![CDATA[java.lang.NullPointerException
	at com.hybridFramework.homepage.DBTest.selectDBdata(DBTest.java:19)
	at sun.reflect.NativeMethodAccessorImpl.invoke0(Native Method)
	at sun.reflect.NativeMethodAccessorImpl.invoke(NativeMethodAccessorImpl.java:62)
	at sun.reflect.DelegatingMethodAccessorImpl.invoke(DelegatingMethodAccessorImpl.java:43)
	at java.lang.reflect.Method.invoke(Method.java:498)
	at org.testng.internal.MethodInvocationHelper.invokeMethod(MethodInvocationHelper.java:104)
	at org.testng.internal.Invoker.invokeMethod(Invoker.java:645)
	at org.testng.internal.Invoker.invokeTestMethod(Invoker.java:851)
	at org.testng.internal.Invoker.invokeTestMethods(Invoker.java:1177)
	at org.testng.internal.TestMethodWorker.invokeTestMethods(TestMethodWorker.java:129)
	at org.testng.internal.TestMethodWorker.run(TestMethodWorker.java:112)
	at org.testng.TestRunner.privateRun(TestRunner.java:756)
	at org.testng.TestRunner.run(TestRunner.java:610)
	at org.testng.SuiteRunner.runTest(SuiteRunner.java:387)
	at org.testng.SuiteRunner.runSequentially(SuiteRunner.java:382)
	at org.testng.SuiteRunner.privateRun(SuiteRunner.java:340)
	at org.testng.SuiteRunner.run(SuiteRunner.java:289)
	at org.testng.SuiteRunnerWorker.runSuite(SuiteRunnerWorker.java:52)
	at org.testng.SuiteRunnerWorker.run(SuiteRunnerWorker.java:86)
	at org.testng.TestNG.runSuitesSequentially(TestNG.java:1293)
	at org.testng.TestNG.runSuitesLocally(TestNG.java:1218)
	at org.testng.TestNG.runSuites(TestNG.java:1133)
	at org.testng.TestNG.run(TestNG.java:1104)
	at org.testng.remote.AbstractRemoteTestNG.run(AbstractRemoteTestNG.java:132)
	at org.testng.remote.RemoteTestNG.initAndRun(RemoteTestNG.java:230)
	at org.testng.remote.RemoteTestNG.main(RemoteTestNG.java:76)
]]>
            </full-stacktrace>
          </exception> <!-- java.lang.NullPointerException -->
          <reporter-output>
          </reporter-output>
        </test-method> <!-- selectDBdata -->
        <test-method status="FAIL" signature="updateDBdata()[pri:0, instance:com.hybridFramework.homepage.DBTest@18a70f16]" name="updateDBdata" duration-ms="2024" started-at="2017-09-18T19:57:22Z" finished-at="2017-09-18T19:57:24Z">
          <exception class="java.lang.NullPointerException">
            <full-stacktrace>
              <![CDATA[java.lang.NullPointerException
	at com.hybridFramework.database.DataBase.updateData(DataBase.java:41)
	at com.hybridFramework.homepage.DBTest.updateDBdata(DBTest.java:46)
	at sun.reflect.NativeMethodAccessorImpl.invoke0(Native Method)
	at sun.reflect.NativeMethodAccessorImpl.invoke(NativeMethodAccessorImpl.java:62)
	at sun.reflect.DelegatingMethodAccessorImpl.invoke(DelegatingMethodAccessorImpl.java:43)
	at java.lang.reflect.Method.invoke(Method.java:498)
	at org.testng.internal.MethodInvocationHelper.invokeMethod(MethodInvocationHelper.java:104)
	at org.testng.internal.Invoker.invokeMethod(Invoker.java:645)
	at org.testng.internal.Invoker.invokeTestMethod(Invoker.java:851)
	at org.testng.internal.Invoker.invokeTestMethods(Invoker.java:1177)
	at org.testng.internal.TestMethodWorker.invokeTestMethods(TestMethodWorker.java:129)
	at org.testng.internal.TestMethodWorker.run(TestMethodWorker.java:112)
	at org.testng.TestRunner.privateRun(TestRunner.java:756)
	at org.testng.TestRunner.run(TestRunner.java:610)
	at org.testng.SuiteRunner.runTest(SuiteRunner.java:387)
	at org.testng.SuiteRunner.runSequentially(SuiteRunner.java:382)
	at org.testng.SuiteRunner.privateRun(SuiteRunner.java:340)
	at org.testng.SuiteRunner.run(SuiteRunner.java:289)
	at org.testng.SuiteRunnerWorker.runSuite(SuiteRunnerWorker.java:52)
	at org.testng.SuiteRunnerWorker.run(SuiteRunnerWorker.java:86)
	at org.testng.TestNG.runSuitesSequentially(TestNG.java:1293)
	at org.testng.TestNG.runSuitesLocally(TestNG.java:1218)
	at org.testng.TestNG.runSuites(TestNG.java:1133)
	at org.testng.TestNG.run(TestNG.java:1104)
	at org.testng.remote.AbstractRemoteTestNG.run(AbstractRemoteTestNG.java:132)
	at org.testng.remote.RemoteTestNG.initAndRun(RemoteTestNG.java:230)
	at org.testng.remote.RemoteTestNG.main(RemoteTestNG.java:76)
]]>
            </full-stacktrace>
          </exception> <!-- java.lang.NullPointerException -->
          <reporter-output>
          </reporter-output>
        </test-method> <!-- updateDBdata -->
      </class> <!-- com.hybridFramework.homepage.DBTest -->
      <class name="com.hybridFramework.homepage.TestDaataDrivenScript1">
        <test-method status="PASS" signature="beforeMethod(java.lang.reflect.Method)[pri:0, instance:com.hybridFramework.homepage.TestDaataDrivenScript1@62e136d3]" name="beforeMethod" is-config="true" duration-ms="5" started-at="2017-09-18T19:57:25Z" finished-at="2017-09-18T19:57:25Z">
          <params>
            <param index="0">
              <value>
                <![CDATA[public void com.hybridFramework.homepage.TestDaataDrivenScript1.testLogin(java.lang.String,java.lang.String,java.lang.String,java.lang.String,java.lang.String,java.lang.String)]]>
              </value>
            </param>
          </params>
          <reporter-output>
          </reporter-output>
        </test-method> <!-- beforeMethod -->
        <test-method status="PASS" signature="testLogin(java.lang.String, java.lang.String, java.lang.String, java.lang.String, java.lang.String, java.lang.String)[pri:0, instance:com.hybridFramework.homepage.TestDaataDrivenScript1@62e136d3]" name="testLogin" duration-ms="1" started-at="2017-09-18T19:57:25Z" data-provider="testData" finished-at="2017-09-18T19:57:25Z">
          <params>
            <param index="0">
              <value>
                <![CDATA[A]]>
              </value>
            </param>
            <param index="1">
              <value>
                <![CDATA[B]]>
              </value>
            </param>
            <param index="2">
              <value>
                <![CDATA[C]]>
              </value>
            </param>
            <param index="3">
              <value>
                <![CDATA[D]]>
              </value>
            </param>
            <param index="4">
              <value>
                <![CDATA[E]]>
              </value>
            </param>
            <param index="5">
              <value>
                <![CDATA[F]]>
              </value>
            </param>
          </params>
          <reporter-output>
          </reporter-output>
        </test-method> <!-- testLogin -->
        <test-method status="PASS" signature="afterMethod(org.testng.ITestResult)[pri:0, instance:com.hybridFramework.homepage.TestDaataDrivenScript1@62e136d3]" name="afterMethod" is-config="true" duration-ms="1" started-at="2017-09-18T19:57:25Z" finished-at="2017-09-18T19:57:25Z">
          <params>
            <param index="0">
              <value>
                <![CDATA[[TestResult name=testLogin status=SUCCESS method=TestDaataDrivenScript1.testLogin(java.lang.String, java.lang.String, java.lang.String, java.lang.String, java.lang.String, java.lang.String)[pri:0, instance:com.hybridFramework.homepage.TestDaataDrivenScript1@62e136d3] output={null}]]]>
              </value>
            </param>
          </params>
          <reporter-output>
          </reporter-output>
        </test-method> <!-- afterMethod -->
        <test-method status="PASS" signature="beforeMethod(java.lang.reflect.Method)[pri:0, instance:com.hybridFramework.homepage.TestDaataDrivenScript1@62e136d3]" name="beforeMethod" is-config="true" duration-ms="0" started-at="2017-09-18T19:57:25Z" finished-at="2017-09-18T19:57:25Z">
          <params>
            <param index="0">
              <value>
                <![CDATA[public void com.hybridFramework.homepage.TestDaataDrivenScript1.testLogin(java.lang.String,java.lang.String,java.lang.String,java.lang.String,java.lang.String,java.lang.String)]]>
              </value>
            </param>
          </params>
          <reporter-output>
          </reporter-output>
        </test-method> <!-- beforeMethod -->
        <test-method status="PASS" signature="testLogin(java.lang.String, java.lang.String, java.lang.String, java.lang.String, java.lang.String, java.lang.String)[pri:0, instance:com.hybridFramework.homepage.TestDaataDrivenScript1@62e136d3]" name="testLogin" duration-ms="4" started-at="2017-09-18T19:57:25Z" data-provider="testData" finished-at="2017-09-18T19:57:25Z">
          <params>
            <param index="0">
              <value>
                <![CDATA[A1]]>
              </value>
            </param>
            <param index="1">
              <value>
                <![CDATA[B1]]>
              </value>
            </param>
            <param index="2">
              <value>
                <![CDATA[C1]]>
              </value>
            </param>
            <param index="3">
              <value>
                <![CDATA[D1]]>
              </value>
            </param>
            <param index="4">
              <value>
                <![CDATA[E1]]>
              </value>
            </param>
            <param index="5">
              <value>
                <![CDATA[F1]]>
              </value>
            </param>
          </params>
          <reporter-output>
          </reporter-output>
        </test-method> <!-- testLogin -->
        <test-method status="PASS" signature="afterMethod(org.testng.ITestResult)[pri:0, instance:com.hybridFramework.homepage.TestDaataDrivenScript1@62e136d3]" name="afterMethod" is-config="true" duration-ms="1" started-at="2017-09-18T19:57:25Z" finished-at="2017-09-18T19:57:25Z">
          <params>
            <param index="0">
              <value>
                <![CDATA[[TestResult name=testLogin status=SUCCESS method=TestDaataDrivenScript1.testLogin(java.lang.String, java.lang.String, java.lang.String, java.lang.String, java.lang.String, java.lang.String)[pri:0, instance:com.hybridFramework.homepage.TestDaataDrivenScript1@62e136d3] output={null}]]]>
              </value>
            </param>
          </params>
          <reporter-output>
          </reporter-output>
        </test-method> <!-- afterMethod -->
        <test-method status="PASS" signature="testLogin(java.lang.String, java.lang.String, java.lang.String, java.lang.String, java.lang.String, java.lang.String)[pri:0, instance:com.hybridFramework.homepage.TestDaataDrivenScript1@62e136d3]" name="testLogin" duration-ms="4" started-at="2017-09-18T19:57:25Z" data-provider="testData" finished-at="2017-09-18T19:57:25Z">
          <params>
            <param index="0">
              <value>
                <![CDATA[A2]]>
              </value>
            </param>
            <param index="1">
              <value>
                <![CDATA[B2]]>
              </value>
            </param>
            <param index="2">
              <value>
                <![CDATA[C2]]>
              </value>
            </param>
            <param index="3">
              <value>
                <![CDATA[D2]]>
              </value>
            </param>
            <param index="4">
              <value>
                <![CDATA[E2]]>
              </value>
            </param>
            <param index="5">
              <value>
                <![CDATA[F2]]>
              </value>
            </param>
          </params>
          <reporter-output>
          </reporter-output>
        </test-method> <!-- testLogin -->
        <test-method status="PASS" signature="beforeMethod(java.lang.reflect.Method)[pri:0, instance:com.hybridFramework.homepage.TestDaataDrivenScript1@62e136d3]" name="beforeMethod" is-config="true" duration-ms="0" started-at="2017-09-18T19:57:25Z" finished-at="2017-09-18T19:57:25Z">
          <params>
            <param index="0">
              <value>
                <![CDATA[public void com.hybridFramework.homepage.TestDaataDrivenScript1.testLogin(java.lang.String,java.lang.String,java.lang.String,java.lang.String,java.lang.String,java.lang.String)]]>
              </value>
            </param>
          </params>
          <reporter-output>
          </reporter-output>
        </test-method> <!-- beforeMethod -->
        <test-method status="PASS" signature="endTest()[pri:0, instance:com.hybridFramework.homepage.TestDaataDrivenScript1@62e136d3]" name="endTest" is-config="true" duration-ms="326" started-at="2017-09-18T19:57:25Z" finished-at="2017-09-18T19:57:25Z">
          <reporter-output>
          </reporter-output>
        </test-method> <!-- endTest -->
        <test-method status="PASS" signature="afterMethod(org.testng.ITestResult)[pri:0, instance:com.hybridFramework.homepage.TestDaataDrivenScript1@62e136d3]" name="afterMethod" is-config="true" duration-ms="0" started-at="2017-09-18T19:57:25Z" finished-at="2017-09-18T19:57:25Z">
          <params>
            <param index="0">
              <value>
                <![CDATA[[TestResult name=testLogin status=SUCCESS method=TestDaataDrivenScript1.testLogin(java.lang.String, java.lang.String, java.lang.String, java.lang.String, java.lang.String, java.lang.String)[pri:0, instance:com.hybridFramework.homepage.TestDaataDrivenScript1@62e136d3] output={null}]]]>
              </value>
            </param>
          </params>
          <reporter-output>
          </reporter-output>
        </test-method> <!-- afterMethod -->
      </class> <!-- com.hybridFramework.homepage.TestDaataDrivenScript1 -->
      <class name="com.hybridFramework.homepage.TestDataDriverScript">
        <test-method status="PASS" signature="beforeMethod(java.lang.reflect.Method)[pri:0, instance:com.hybridFramework.homepage.TestDataDriverScript@c8e4bb0]" name="beforeMethod" is-config="true" duration-ms="1" started-at="2017-09-18T19:57:26Z" finished-at="2017-09-18T19:57:26Z">
          <params>
            <param index="0">
              <value>
                <![CDATA[public void com.hybridFramework.homepage.TestDataDriverScript.testLogin(java.lang.String,java.lang.String,java.lang.String)]]>
              </value>
            </param>
          </params>
          <reporter-output>
          </reporter-output>
        </test-method> <!-- beforeMethod -->
        <test-method status="PASS" signature="testLogin(java.lang.String, java.lang.String, java.lang.String)[pri:0, instance:com.hybridFramework.homepage.TestDataDriverScript@c8e4bb0]" name="testLogin" duration-ms="1" started-at="2017-09-18T19:57:26Z" data-provider="testData" finished-at="2017-09-18T19:57:26Z">
          <params>
            <param index="0">
              <value>
                <![CDATA[automation@gmail.com]]>
              </value>
            </param>
            <param index="1">
              <value>
                <![CDATA[password]]>
              </value>
            </param>
            <param index="2">
              <value>
                <![CDATA[y]]>
              </value>
            </param>
          </params>
          <reporter-output>
          </reporter-output>
        </test-method> <!-- testLogin -->
        <test-method status="PASS" signature="afterMethod(org.testng.ITestResult)[pri:0, instance:com.hybridFramework.homepage.TestDataDriverScript@c8e4bb0]" name="afterMethod" is-config="true" duration-ms="0" started-at="2017-09-18T19:57:26Z" finished-at="2017-09-18T19:57:26Z">
          <params>
            <param index="0">
              <value>
                <![CDATA[[TestResult name=testLogin status=SUCCESS method=TestDataDriverScript.testLogin(java.lang.String, java.lang.String, java.lang.String)[pri:0, instance:com.hybridFramework.homepage.TestDataDriverScript@c8e4bb0] output={null}]]]>
              </value>
            </param>
          </params>
          <reporter-output>
          </reporter-output>
        </test-method> <!-- afterMethod -->
        <test-method status="PASS" signature="beforeMethod(java.lang.reflect.Method)[pri:0, instance:com.hybridFramework.homepage.TestDataDriverScript@c8e4bb0]" name="beforeMethod" is-config="true" duration-ms="0" started-at="2017-09-18T19:57:26Z" finished-at="2017-09-18T19:57:26Z">
          <params>
            <param index="0">
              <value>
                <![CDATA[public void com.hybridFramework.homepage.TestDataDriverScript.testLogin(java.lang.String,java.lang.String,java.lang.String)]]>
              </value>
            </param>
          </params>
          <reporter-output>
          </reporter-output>
        </test-method> <!-- beforeMethod -->
        <test-method status="PASS" signature="testLogin(java.lang.String, java.lang.String, java.lang.String)[pri:0, instance:com.hybridFramework.homepage.TestDataDriverScript@c8e4bb0]" name="testLogin" duration-ms="2" started-at="2017-09-18T19:57:26Z" data-provider="testData" finished-at="2017-09-18T19:57:26Z">
          <params>
            <param index="0">
              <value>
                <![CDATA[automation@gmail.com]]>
              </value>
            </param>
            <param index="1">
              <value>
                <![CDATA[password]]>
              </value>
            </param>
            <param index="2">
              <value>
                <![CDATA[y]]>
              </value>
            </param>
          </params>
          <reporter-output>
          </reporter-output>
        </test-method> <!-- testLogin -->
        <test-method status="PASS" signature="afterMethod(org.testng.ITestResult)[pri:0, instance:com.hybridFramework.homepage.TestDataDriverScript@c8e4bb0]" name="afterMethod" is-config="true" duration-ms="1" started-at="2017-09-18T19:57:26Z" finished-at="2017-09-18T19:57:26Z">
          <params>
            <param index="0">
              <value>
                <![CDATA[[TestResult name=testLogin status=SUCCESS method=TestDataDriverScript.testLogin(java.lang.String, java.lang.String, java.lang.String)[pri:0, instance:com.hybridFramework.homepage.TestDataDriverScript@c8e4bb0] output={null}]]]>
              </value>
            </param>
          </params>
          <reporter-output>
          </reporter-output>
        </test-method> <!-- afterMethod -->
        <test-method status="PASS" signature="beforeMethod(java.lang.reflect.Method)[pri:0, instance:com.hybridFramework.homepage.TestDataDriverScript@c8e4bb0]" name="beforeMethod" is-config="true" duration-ms="1" started-at="2017-09-18T19:57:26Z" finished-at="2017-09-18T19:57:26Z">
          <params>
            <param index="0">
              <value>
                <![CDATA[public void com.hybridFramework.homepage.TestDataDriverScript.testLogin(java.lang.String,java.lang.String,java.lang.String)]]>
              </value>
            </param>
          </params>
          <reporter-output>
          </reporter-output>
        </test-method> <!-- beforeMethod -->
        <test-method status="PASS" signature="testLogin(java.lang.String, java.lang.String, java.lang.String)[pri:0, instance:com.hybridFramework.homepage.TestDataDriverScript@c8e4bb0]" name="testLogin" duration-ms="1" started-at="2017-09-18T19:57:26Z" data-provider="testData" finished-at="2017-09-18T19:57:26Z">
          <params>
            <param index="0">
              <value>
                <![CDATA[automation@gmail.com]]>
              </value>
            </param>
            <param index="1">
              <value>
                <![CDATA[password]]>
              </value>
            </param>
            <param index="2">
              <value>
                <![CDATA[n]]>
              </value>
            </param>
          </params>
          <reporter-output>
          </reporter-output>
        </test-method> <!-- testLogin -->
        <test-method status="PASS" signature="afterMethod(org.testng.ITestResult)[pri:0, instance:com.hybridFramework.homepage.TestDataDriverScript@c8e4bb0]" name="afterMethod" is-config="true" duration-ms="0" started-at="2017-09-18T19:57:26Z" finished-at="2017-09-18T19:57:26Z">
          <params>
            <param index="0">
              <value>
                <![CDATA[[TestResult name=testLogin status=SUCCESS method=TestDataDriverScript.testLogin(java.lang.String, java.lang.String, java.lang.String)[pri:0, instance:com.hybridFramework.homepage.TestDataDriverScript@c8e4bb0] output={null}]]]>
              </value>
            </param>
          </params>
          <reporter-output>
          </reporter-output>
        </test-method> <!-- afterMethod -->
        <test-method status="PASS" signature="beforeMethod(java.lang.reflect.Method)[pri:0, instance:com.hybridFramework.homepage.TestDataDriverScript@c8e4bb0]" name="beforeMethod" is-config="true" duration-ms="1" started-at="2017-09-18T19:57:26Z" finished-at="2017-09-18T19:57:26Z">
          <params>
            <param index="0">
              <value>
                <![CDATA[public void com.hybridFramework.homepage.TestDataDriverScript.testLogin(java.lang.String,java.lang.String,java.lang.String)]]>
              </value>
            </param>
          </params>
          <reporter-output>
          </reporter-output>
        </test-method> <!-- beforeMethod -->
        <test-method status="PASS" signature="testLogin(java.lang.String, java.lang.String, java.lang.String)[pri:0, instance:com.hybridFramework.homepage.TestDataDriverScript@c8e4bb0]" name="testLogin" duration-ms="1" started-at="2017-09-18T19:57:26Z" data-provider="testData" finished-at="2017-09-18T19:57:26Z">
          <params>
            <param index="0">
              <value>
                <![CDATA[automation@gmail.com]]>
              </value>
            </param>
            <param index="1">
              <value>
                <![CDATA[password]]>
              </value>
            </param>
            <param index="2">
              <value>
                <![CDATA[n]]>
              </value>
            </param>
          </params>
          <reporter-output>
          </reporter-output>
        </test-method> <!-- testLogin -->
        <test-method status="PASS" signature="afterMethod(org.testng.ITestResult)[pri:0, instance:com.hybridFramework.homepage.TestDataDriverScript@c8e4bb0]" name="afterMethod" is-config="true" duration-ms="0" started-at="2017-09-18T19:57:26Z" finished-at="2017-09-18T19:57:26Z">
          <params>
            <param index="0">
              <value>
                <![CDATA[[TestResult name=testLogin status=SUCCESS method=TestDataDriverScript.testLogin(java.lang.String, java.lang.String, java.lang.String)[pri:0, instance:com.hybridFramework.homepage.TestDataDriverScript@c8e4bb0] output={null}]]]>
              </value>
            </param>
          </params>
          <reporter-output>
          </reporter-output>
        </test-method> <!-- afterMethod -->
        <test-method status="PASS" signature="beforeMethod(java.lang.reflect.Method)[pri:0, instance:com.hybridFramework.homepage.TestDataDriverScript@c8e4bb0]" name="beforeMethod" is-config="true" duration-ms="1" started-at="2017-09-18T19:57:26Z" finished-at="2017-09-18T19:57:26Z">
          <params>
            <param index="0">
              <value>
                <![CDATA[public void com.hybridFramework.homepage.TestDataDriverScript.testLogin(java.lang.String,java.lang.String,java.lang.String)]]>
              </value>
            </param>
          </params>
          <reporter-output>
          </reporter-output>
        </test-method> <!-- beforeMethod -->
        <test-method status="PASS" signature="testLogin(java.lang.String, java.lang.String, java.lang.String)[pri:0, instance:com.hybridFramework.homepage.TestDataDriverScript@c8e4bb0]" name="testLogin" duration-ms="2" started-at="2017-09-18T19:57:26Z" data-provider="testData" finished-at="2017-09-18T19:57:26Z">
          <params>
            <param index="0">
              <value>
                <![CDATA[automation@gmail.com]]>
              </value>
            </param>
            <param index="1">
              <value>
                <![CDATA[password]]>
              </value>
            </param>
            <param index="2">
              <value>
                <![CDATA[n]]>
              </value>
            </param>
          </params>
          <reporter-output>
          </reporter-output>
        </test-method> <!-- testLogin -->
        <test-method status="PASS" signature="beforeMethod(java.lang.reflect.Method)[pri:0, instance:com.hybridFramework.homepage.TestDataDriverScript@c8e4bb0]" name="beforeMethod" is-config="true" duration-ms="1" started-at="2017-09-18T19:57:26Z" finished-at="2017-09-18T19:57:26Z">
          <params>
            <param index="0">
              <value>
                <![CDATA[public void com.hybridFramework.homepage.TestDataDriverScript.testLogin(java.lang.String,java.lang.String,java.lang.String)]]>
              </value>
            </param>
          </params>
          <reporter-output>
          </reporter-output>
        </test-method> <!-- beforeMethod -->
        <test-method status="PASS" signature="afterMethod(org.testng.ITestResult)[pri:0, instance:com.hybridFramework.homepage.TestDataDriverScript@c8e4bb0]" name="afterMethod" is-config="true" duration-ms="0" started-at="2017-09-18T19:57:26Z" finished-at="2017-09-18T19:57:26Z">
          <params>
            <param index="0">
              <value>
                <![CDATA[[TestResult name=testLogin status=SUCCESS method=TestDataDriverScript.testLogin(java.lang.String, java.lang.String, java.lang.String)[pri:0, instance:com.hybridFramework.homepage.TestDataDriverScript@c8e4bb0] output={null}]]]>
              </value>
            </param>
          </params>
          <reporter-output>
          </reporter-output>
        </test-method> <!-- afterMethod -->
        <test-method status="PASS" signature="testLogin(java.lang.String, java.lang.String, java.lang.String)[pri:0, instance:com.hybridFramework.homepage.TestDataDriverScript@c8e4bb0]" name="testLogin" duration-ms="4" started-at="2017-09-18T19:57:26Z" data-provider="testData" finished-at="2017-09-18T19:57:26Z">
          <params>
            <param index="0">
              <value>
                <![CDATA[automation@gmail.com]]>
              </value>
            </param>
            <param index="1">
              <value>
                <![CDATA[password]]>
              </value>
            </param>
            <param index="2">
              <value>
                <![CDATA[n]]>
              </value>
            </param>
          </params>
          <reporter-output>
          </reporter-output>
        </test-method> <!-- testLogin -->
        <test-method status="PASS" signature="afterMethod(org.testng.ITestResult)[pri:0, instance:com.hybridFramework.homepage.TestDataDriverScript@c8e4bb0]" name="afterMethod" is-config="true" duration-ms="1" started-at="2017-09-18T19:57:26Z" finished-at="2017-09-18T19:57:26Z">
          <params>
            <param index="0">
              <value>
                <![CDATA[[TestResult name=testLogin status=SUCCESS method=TestDataDriverScript.testLogin(java.lang.String, java.lang.String, java.lang.String)[pri:0, instance:com.hybridFramework.homepage.TestDataDriverScript@c8e4bb0] output={null}]]]>
              </value>
            </param>
          </params>
          <reporter-output>
          </reporter-output>
        </test-method> <!-- afterMethod -->
        <test-method status="PASS" signature="testLogin(java.lang.String, java.lang.String, java.lang.String)[pri:0, instance:com.hybridFramework.homepage.TestDataDriverScript@c8e4bb0]" name="testLogin" duration-ms="2" started-at="2017-09-18T19:57:26Z" data-provider="testData" finished-at="2017-09-18T19:57:26Z">
          <params>
            <param index="0">
              <value>
                <![CDATA[automation@gmail.com]]>
              </value>
            </param>
            <param index="1">
              <value>
                <![CDATA[password]]>
              </value>
            </param>
            <param index="2">
              <value>
                <![CDATA[y]]>
              </value>
            </param>
          </params>
          <reporter-output>
          </reporter-output>
        </test-method> <!-- testLogin -->
        <test-method status="PASS" signature="beforeMethod(java.lang.reflect.Method)[pri:0, instance:com.hybridFramework.homepage.TestDataDriverScript@c8e4bb0]" name="beforeMethod" is-config="true" duration-ms="0" started-at="2017-09-18T19:57:26Z" finished-at="2017-09-18T19:57:26Z">
          <params>
            <param index="0">
              <value>
                <![CDATA[public void com.hybridFramework.homepage.TestDataDriverScript.testLogin(java.lang.String,java.lang.String,java.lang.String)]]>
              </value>
            </param>
          </params>
          <reporter-output>
          </reporter-output>
        </test-method> <!-- beforeMethod -->
        <test-method status="PASS" signature="afterMethod(org.testng.ITestResult)[pri:0, instance:com.hybridFramework.homepage.TestDataDriverScript@c8e4bb0]" name="afterMethod" is-config="true" duration-ms="0" started-at="2017-09-18T19:57:26Z" finished-at="2017-09-18T19:57:26Z">
          <params>
            <param index="0">
              <value>
                <![CDATA[[TestResult name=testLogin status=SUCCESS method=TestDataDriverScript.testLogin(java.lang.String, java.lang.String, java.lang.String)[pri:0, instance:com.hybridFramework.homepage.TestDataDriverScript@c8e4bb0] output={null}]]]>
              </value>
            </param>
          </params>
          <reporter-output>
          </reporter-output>
        </test-method> <!-- afterMethod -->
        <test-method status="PASS" signature="endTest()[pri:0, instance:com.hybridFramework.homepage.TestDataDriverScript@c8e4bb0]" name="endTest" is-config="true" duration-ms="107" started-at="2017-09-18T19:57:26Z" finished-at="2017-09-18T19:57:26Z">
          <reporter-output>
          </reporter-output>
        </test-method> <!-- endTest -->
      </class> <!-- com.hybridFramework.homepage.TestDataDriverScript -->
    </test> <!-- Default test -->
  </suite> <!-- Default suite -->
</testng-results>
